

*******************************************************************************
Fri Apr 29 19:53:53 2022


FIT:    data read from "Seleccion.dat" using 1:2
        format = x:z
        #datapoints = 10
        residuals are weighted equally (unit weight)

function used for fitting: Cuadrado(x)
	Cuadrado(x) = a*x**2 +b*x + c
fitted parameters initialized with current variable values

iter      chisq       delta/lim  lambda   a             b             c            
   0 2.5393567003e+12   0.00e+00  2.91e+05    1.000000e+00   1.000000e+00   1.000000e+00
  10 5.2155404242e-05  -1.88e-09  2.91e-05    9.438258e-07   6.693485e-06   4.203667e-03

After 10 iterations the fit converged.
final sum of squares of residuals : 5.21554e-05
rel. change during last iteration : -1.8839e-14

degrees of freedom    (FIT_NDF)                        : 7
rms of residuals      (FIT_STDFIT) = sqrt(WSSR/ndf)    : 0.00272961
variance of residuals (reduced chisquare) = WSSR/ndf   : 7.45077e-06

Final set of parameters            Asymptotic Standard Error
=======================            ==========================
a               = 9.43826e-07      +/- 1.188e-08    (1.259%)
b               = 6.69348e-06      +/- 1.341e-05    (200.3%)
c               = 0.00420367       +/- 0.00321      (76.37%)

correlation matrix of the fit parameters:
                a      b      c      
a               1.000 
b              -0.975  1.000 
c               0.814 -0.909  1.000 


*******************************************************************************
Fri Apr 29 19:59:08 2022


FIT:    data read from "Seleccion.dat" using 1:2
        format = x:z
        #datapoints = 10
        residuals are weighted equally (unit weight)

function used for fitting: Cuadrado(x)
	Cuadrado(x) = a*x**2 +b*x + c
fitted parameters initialized with current variable values

iter      chisq       delta/lim  lambda   a             b             c            
   0 2.5393567003e+12   0.00e+00  2.91e+05    1.000000e+00   1.000000e+00   1.000000e+00
  10 5.2155404242e-05  -1.88e-09  2.91e-05    9.438258e-07   6.693485e-06   4.203667e-03

After 10 iterations the fit converged.
final sum of squares of residuals : 5.21554e-05
rel. change during last iteration : -1.8839e-14

degrees of freedom    (FIT_NDF)                        : 7
rms of residuals      (FIT_STDFIT) = sqrt(WSSR/ndf)    : 0.00272961
variance of residuals (reduced chisquare) = WSSR/ndf   : 7.45077e-06

Final set of parameters            Asymptotic Standard Error
=======================            ==========================
a               = 9.43826e-07      +/- 1.188e-08    (1.259%)
b               = 6.69348e-06      +/- 1.341e-05    (200.3%)
c               = 0.00420367       +/- 0.00321      (76.37%)

correlation matrix of the fit parameters:
                a      b      c      
a               1.000 
b              -0.975  1.000 
c               0.814 -0.909  1.000 


*******************************************************************************
Fri Apr 29 19:59:38 2022


FIT:    data read from "Burbuja.dat" using 1:2
        format = x:z
        #datapoints = 10
        residuals are weighted equally (unit weight)

function used for fitting: Cuadrado(x)
	Cuadrado(x) = a*x**2 +b*x + c
fitted parameters initialized with current variable values

iter      chisq       delta/lim  lambda   a             b             c            
   0 2.5393536037e+12   0.00e+00  2.91e+05    1.000000e+00   1.000000e+00   1.000000e+00
   9 7.1667044405e-03  -1.17e-01  2.91e-04    1.756375e-06  -2.043180e-04   3.702650e-02

After 9 iterations the fit converged.
final sum of squares of residuals : 0.0071667
rel. change during last iteration : -1.17076e-06

degrees of freedom    (FIT_NDF)                        : 7
rms of residuals      (FIT_STDFIT) = sqrt(WSSR/ndf)    : 0.0319971
variance of residuals (reduced chisquare) = WSSR/ndf   : 0.00102381

Final set of parameters            Asymptotic Standard Error
=======================            ==========================
a               = 1.75638e-06      +/- 1.392e-07    (7.928%)
b               = -0.000204318     +/- 0.0001572    (76.93%)
c               = 0.0370265        +/- 0.03763      (101.6%)

correlation matrix of the fit parameters:
                a      b      c      
a               1.000 
b              -0.975  1.000 
c               0.814 -0.909  1.000 


*******************************************************************************
Fri Apr 29 20:00:31 2022


FIT:    data read from "Burbuja.dat" using 1:2
        format = x:z
        #datapoints = 10
        residuals are weighted equally (unit weight)

function used for fitting: Cuadrado(x)
	Cuadrado(x) = a*x**2 +b*x + c
fitted parameters initialized with current variable values

iter      chisq       delta/lim  lambda   a             b             c            
   0 2.5393539292e+12   0.00e+00  2.91e+05    1.000000e+00   1.000000e+00   1.000000e+00
   9 4.0561161733e-02  -2.35e-02  2.91e-04    1.046795e-06   4.158341e-04  -2.557700e-02

After 9 iterations the fit converged.
final sum of squares of residuals : 0.0405612
rel. change during last iteration : -2.34745e-07

degrees of freedom    (FIT_NDF)                        : 7
rms of residuals      (FIT_STDFIT) = sqrt(WSSR/ndf)    : 0.0761213
variance of residuals (reduced chisquare) = WSSR/ndf   : 0.00579445

Final set of parameters            Asymptotic Standard Error
=======================            ==========================
a               = 1.0468e-06       +/- 3.313e-07    (31.65%)
b               = 0.000415834      +/- 0.0003739    (89.92%)
c               = -0.025577        +/- 0.08953      (350%)

correlation matrix of the fit parameters:
                a      b      c      
a               1.000 
b              -0.975  1.000 
c               0.814 -0.909  1.000 


*******************************************************************************
Fri Apr 29 20:00:40 2022


FIT:    data read from "Burbuja.dat" using 1:2
        format = x:z
        #datapoints = 10
        residuals are weighted equally (unit weight)

function used for fitting: Cuadrado(x)
	Cuadrado(x) = a*x**2 +b*x + c
fitted parameters initialized with current variable values

iter      chisq       delta/lim  lambda   a             b             c            
   0 2.5393526237e+12   0.00e+00  2.91e+05    1.000000e+00   1.000000e+00   1.000000e+00
   9 1.6660356642e-02  -5.68e-02  2.91e-04    1.473337e-06   2.706261e-04  -2.279917e-02

After 9 iterations the fit converged.
final sum of squares of residuals : 0.0166604
rel. change during last iteration : -5.68403e-07

degrees of freedom    (FIT_NDF)                        : 7
rms of residuals      (FIT_STDFIT) = sqrt(WSSR/ndf)    : 0.0487858
variance of residuals (reduced chisquare) = WSSR/ndf   : 0.00238005

Final set of parameters            Asymptotic Standard Error
=======================            ==========================
a               = 1.47334e-06      +/- 2.123e-07    (14.41%)
b               = 0.000270626      +/- 0.0002396    (88.55%)
c               = -0.0227992       +/- 0.05738      (251.7%)

correlation matrix of the fit parameters:
                a      b      c      
a               1.000 
b              -0.975  1.000 
c               0.814 -0.909  1.000 


*******************************************************************************
Fri Apr 29 20:00:50 2022


FIT:    data read from "Burbuja.dat" using 1:2
        format = x:z
        #datapoints = 10
        residuals are weighted equally (unit weight)

function used for fitting: Cuadrado(x)
	Cuadrado(x) = a*x**2 +b*x + c
fitted parameters initialized with current variable values

iter      chisq       delta/lim  lambda   a             b             c            
   0 2.5393530583e+12   0.00e+00  2.91e+05    1.000000e+00   1.000000e+00   1.000000e+00
   9 1.6523391414e-01  -7.39e-03  2.91e-04    2.284394e-07   1.417036e-03  -1.608200e-01

After 9 iterations the fit converged.
final sum of squares of residuals : 0.165234
rel. change during last iteration : -7.38887e-08

degrees of freedom    (FIT_NDF)                        : 7
rms of residuals      (FIT_STDFIT) = sqrt(WSSR/ndf)    : 0.153639
variance of residuals (reduced chisquare) = WSSR/ndf   : 0.0236048

Final set of parameters            Asymptotic Standard Error
=======================            ==========================
a               = 2.28439e-07      +/- 6.686e-07    (292.7%)
b               = 0.00141704       +/- 0.0007547    (53.26%)
c               = -0.16082         +/- 0.1807       (112.4%)

correlation matrix of the fit parameters:
                a      b      c      
a               1.000 
b              -0.975  1.000 
c               0.814 -0.909  1.000 


*******************************************************************************
Fri Apr 29 20:01:06 2022


FIT:    data read from "Burbuja.dat" using 1:2
        format = x:z
        #datapoints = 10
        residuals are weighted equally (unit weight)

function used for fitting: Cuadrado(x)
	Cuadrado(x) = a*x**2 +b*x + c
fitted parameters initialized with current variable values

iter      chisq       delta/lim  lambda   a             b             c            
   0 2.5393533004e+12   0.00e+00  2.91e+05    1.000000e+00   1.000000e+00   1.000000e+00
   9 3.0631732158e-02  -2.58e-02  2.91e-04    1.955890e-06  -3.567834e-04   6.489117e-02

After 9 iterations the fit converged.
final sum of squares of residuals : 0.0306317
rel. change during last iteration : -2.58231e-07

degrees of freedom    (FIT_NDF)                        : 7
rms of residuals      (FIT_STDFIT) = sqrt(WSSR/ndf)    : 0.0661511
variance of residuals (reduced chisquare) = WSSR/ndf   : 0.00437596

Final set of parameters            Asymptotic Standard Error
=======================            ==========================
a               = 1.95589e-06      +/- 2.879e-07    (14.72%)
b               = -0.000356783     +/- 0.0003249    (91.08%)
c               = 0.0648912        +/- 0.0778       (119.9%)

correlation matrix of the fit parameters:
                a      b      c      
a               1.000 
b              -0.975  1.000 
c               0.814 -0.909  1.000 


*******************************************************************************
Fri Apr 29 20:01:17 2022


FIT:    data read from "Burbuja.dat" using 1:2
        format = x:z
        #datapoints = 10
        residuals are weighted equally (unit weight)

function used for fitting: Cuadrado(x)
	Cuadrado(x) = a*x**2 +b*x + c
fitted parameters initialized with current variable values

iter      chisq       delta/lim  lambda   a             b             c            
   0 2.5393537956e+12   0.00e+00  2.91e+05    1.000000e+00   1.000000e+00   1.000000e+00
   9 4.2261847696e-02  -1.75e-02  2.91e-04    1.950758e-06  -4.722655e-04   9.476933e-02

After 9 iterations the fit converged.
final sum of squares of residuals : 0.0422618
rel. change during last iteration : -1.75351e-07

degrees of freedom    (FIT_NDF)                        : 7
rms of residuals      (FIT_STDFIT) = sqrt(WSSR/ndf)    : 0.0777008
variance of residuals (reduced chisquare) = WSSR/ndf   : 0.00603741

Final set of parameters            Asymptotic Standard Error
=======================            ==========================
a               = 1.95076e-06      +/- 3.381e-07    (17.33%)
b               = -0.000472265     +/- 0.0003817    (80.82%)
c               = 0.0947693        +/- 0.09139      (96.43%)

correlation matrix of the fit parameters:
                a      b      c      
a               1.000 
b              -0.975  1.000 
c               0.814 -0.909  1.000 


*******************************************************************************
Fri Apr 29 20:02:40 2022


FIT:    data read from "Insercion.dat" using 1:2
        format = x:z
        #datapoints = 10
        residuals are weighted equally (unit weight)

function used for fitting: Cuadrado(x)
	Cuadrado(x) = a*x**2 +b*x + c
fitted parameters initialized with current variable values

iter      chisq       delta/lim  lambda   a             b             c            
   0 2.5393592296e+12   0.00e+00  2.91e+05    1.000000e+00   1.000000e+00   1.000000e+00
  10 7.4288363924e-04  -1.46e-10  2.91e-05    3.955795e-07   6.182917e-05  -6.455167e-03

After 10 iterations the fit converged.
final sum of squares of residuals : 0.000742884
rel. change during last iteration : -1.45945e-15

degrees of freedom    (FIT_NDF)                        : 7
rms of residuals      (FIT_STDFIT) = sqrt(WSSR/ndf)    : 0.0103018
variance of residuals (reduced chisquare) = WSSR/ndf   : 0.000106126

Final set of parameters            Asymptotic Standard Error
=======================            ==========================
a               = 3.9558e-07       +/- 4.483e-08    (11.33%)
b               = 6.18292e-05      +/- 5.06e-05     (81.84%)
c               = -0.00645517      +/- 0.01212      (187.7%)

correlation matrix of the fit parameters:
                a      b      c      
a               1.000 
b              -0.975  1.000 
c               0.814 -0.909  1.000 


*******************************************************************************
Fri Apr 29 20:03:53 2022


FIT:    data read from "Seleccion.dat" using 1:2
        format = x:z
        #datapoints = 10
        residuals are weighted equally (unit weight)

function used for fitting: Cuadrado(x)
	Cuadrado(x) = a*x**2 +b*x + c
fitted parameters initialized with current variable values

iter      chisq       delta/lim  lambda   a             b             c            
   0 2.5393566663e+12   0.00e+00  2.91e+05    1.000000e+00   1.000000e+00   1.000000e+00
  10 9.7910586061e-05  -2.01e-09  2.91e-05    9.348409e-07   2.671803e-05  -1.203667e-03

After 10 iterations the fit converged.
final sum of squares of residuals : 9.79106e-05
rel. change during last iteration : -2.00705e-14

degrees of freedom    (FIT_NDF)                        : 7
rms of residuals      (FIT_STDFIT) = sqrt(WSSR/ndf)    : 0.00373995
variance of residuals (reduced chisquare) = WSSR/ndf   : 1.39872e-05

Final set of parameters            Asymptotic Standard Error
=======================            ==========================
a               = 9.34841e-07      +/- 1.628e-08    (1.741%)
b               = 2.6718e-05       +/- 1.837e-05    (68.76%)
c               = -0.00120367      +/- 0.004399     (365.4%)

correlation matrix of the fit parameters:
                a      b      c      
a               1.000 
b              -0.975  1.000 
c               0.814 -0.909  1.000 


*******************************************************************************
Sat May 21 20:09:26 2022


FIT:    data read from "InterpolacionIt.dat" using 1:2
        format = x:z
        #datapoints = 10
        residuals are weighted equally (unit weight)

function used for fitting: Logaritmo(x)
	Logaritmo(x) = a*log(log(x))
fitted parameters initialized with current variable values

iter      chisq       delta/lim  lambda   a            
   0 4.0787367947e+01   0.00e+00  2.13e+00    1.000000e+00
   4 1.5500573569e-03  -2.14e-09  2.13e-04    5.120018e-02

After 4 iterations the fit converged.
final sum of squares of residuals : 0.00155006
rel. change during last iteration : -2.14035e-14

degrees of freedom    (FIT_NDF)                        : 9
rms of residuals      (FIT_STDFIT) = sqrt(WSSR/ndf)    : 0.0131236
variance of residuals (reduced chisquare) = WSSR/ndf   : 0.000172229

Final set of parameters            Asymptotic Standard Error
=======================            ==========================
a               = 0.0512002        +/- 0.00195      (3.808%)


*******************************************************************************
Sat May 21 20:09:40 2022


FIT:    data read from "InterpolacionIt.dat" using 1:2
        format = x:z
        #datapoints = 10
        residuals are weighted equally (unit weight)

function used for fitting: Logaritmo(x)
	Logaritmo(x) = a*log(log(x))
fitted parameters initialized with current variable values

iter      chisq       delta/lim  lambda   a            
   0 4.0787367947e+01   0.00e+00  2.13e+00    1.000000e+00
   4 1.5500573569e-03  -2.14e-09  2.13e-04    5.120018e-02

After 4 iterations the fit converged.
final sum of squares of residuals : 0.00155006
rel. change during last iteration : -2.14035e-14

degrees of freedom    (FIT_NDF)                        : 9
rms of residuals      (FIT_STDFIT) = sqrt(WSSR/ndf)    : 0.0131236
variance of residuals (reduced chisquare) = WSSR/ndf   : 0.000172229

Final set of parameters            Asymptotic Standard Error
=======================            ==========================
a               = 0.0512002        +/- 0.00195      (3.808%)
