

*******************************************************************************
Mon May 23 19:19:13 2022


FIT:    data read from "Burbuja.dat" using 1:2
        format = x:z
        #datapoints = 10
        residuals are weighted equally (unit weight)

function used for fitting: Cuadrado(x)
	Cuadrado(x) = a*x*x + b*x + c
fitted parameters initialized with current variable values

iter      chisq       delta/lim  lambda   a             b             c            
   0 2.5393529891e+12   0.00e+00  2.91e+05    1.000000e+00   1.000000e+00   1.000000e+00
   9 3.8305445998e-03  -2.39e-01  2.91e-04    1.559629e-06   1.172475e-04  -6.461932e-03

After 9 iterations the fit converged.
final sum of squares of residuals : 0.00383054
rel. change during last iteration : -2.39354e-06

degrees of freedom    (FIT_NDF)                        : 7
rms of residuals      (FIT_STDFIT) = sqrt(WSSR/ndf)    : 0.0233927
variance of residuals (reduced chisquare) = WSSR/ndf   : 0.000547221

Final set of parameters            Asymptotic Standard Error
=======================            ==========================
a               = 1.55963e-06      +/- 1.018e-07    (6.527%)
b               = 0.000117248      +/- 0.0001149    (98%)
c               = -0.00646193      +/- 0.02751      (425.8%)

correlation matrix of the fit parameters:
                a      b      c      
a               1.000 
b              -0.975  1.000 
c               0.814 -0.909  1.000 


*******************************************************************************
Mon May 23 19:52:38 2022


FIT:    data read from "Mayo22.dat" using 1:2
        format = x:z
        #datapoints = 10
        residuals are weighted equally (unit weight)

function used for fitting: Cuadrado(x)
	Cuadrado(x) = a*x*x + b*x + c
fitted parameters initialized with current variable values

iter      chisq       delta/lim  lambda   a             b             c            
   0 2.5393555106e+12   0.00e+00  2.91e+05    1.000000e+00   1.000000e+00   1.000000e+00
   9 3.6512112169e-03  -2.41e-01  2.91e-04    1.193579e-06  -1.851957e-05   1.399888e-02

After 9 iterations the fit converged.
final sum of squares of residuals : 0.00365121
rel. change during last iteration : -2.40966e-06

degrees of freedom    (FIT_NDF)                        : 7
rms of residuals      (FIT_STDFIT) = sqrt(WSSR/ndf)    : 0.0228386
variance of residuals (reduced chisquare) = WSSR/ndf   : 0.000521602

Final set of parameters            Asymptotic Standard Error
=======================            ==========================
a               = 1.19358e-06      +/- 9.939e-08    (8.327%)
b               = -1.85196e-05     +/- 0.0001122    (605.8%)
c               = 0.0139989        +/- 0.02686      (191.9%)

correlation matrix of the fit parameters:
                a      b      c      
a               1.000 
b              -0.975  1.000 
c               0.814 -0.909  1.000 


*******************************************************************************
Mon May 23 19:58:07 2022


FIT:    data read from "Insercion.dat" using 1:2
        format = x:z
        #datapoints = 10
        residuals are weighted equally (unit weight)

function used for fitting: Cuadrado(x)
	Cuadrado(x) = a*x*x + b*x + c
fitted parameters initialized with current variable values

iter      chisq       delta/lim  lambda   a             b             c            
   0 2.5393588380e+12   0.00e+00  2.91e+05    1.000000e+00   1.000000e+00   1.000000e+00
  10 1.0924563575e-04  -9.80e-10  2.91e-05    5.127068e-07   2.393565e-05  -2.951833e-03

After 10 iterations the fit converged.
final sum of squares of residuals : 0.000109246
rel. change during last iteration : -9.80039e-15

degrees of freedom    (FIT_NDF)                        : 7
rms of residuals      (FIT_STDFIT) = sqrt(WSSR/ndf)    : 0.00395051
variance of residuals (reduced chisquare) = WSSR/ndf   : 1.56065e-05

Final set of parameters            Asymptotic Standard Error
=======================            ==========================
a               = 5.12707e-07      +/- 1.719e-08    (3.353%)
b               = 2.39357e-05      +/- 1.941e-05    (81.07%)
c               = -0.00295183      +/- 0.004646     (157.4%)

correlation matrix of the fit parameters:
                a      b      c      
a               1.000 
b              -0.975  1.000 
c               0.814 -0.909  1.000 


*******************************************************************************
Mon May 23 19:58:17 2022


FIT:    data read from "Mayo22.dat" using 1:2
        format = x:z
        #datapoints = 10
        residuals are weighted equally (unit weight)

function used for fitting: Cuadrado(x)
	Cuadrado(x) = a*x*x + b*x + c
fitted parameters initialized with current variable values

iter      chisq       delta/lim  lambda   a             b             c            
   0 2.5393559050e+12   0.00e+00  2.91e+05    1.000000e+00   1.000000e+00   1.000000e+00
   9 1.7274450841e-03  -5.34e-01  2.91e-04    1.016804e-06   9.379087e-05  -9.079882e-03

After 9 iterations the fit converged.
final sum of squares of residuals : 0.00172745
rel. change during last iteration : -5.33535e-06

degrees of freedom    (FIT_NDF)                        : 7
rms of residuals      (FIT_STDFIT) = sqrt(WSSR/ndf)    : 0.0157092
variance of residuals (reduced chisquare) = WSSR/ndf   : 0.000246778

Final set of parameters            Asymptotic Standard Error
=======================            ==========================
a               = 1.0168e-06       +/- 6.837e-08    (6.724%)
b               = 9.37909e-05      +/- 7.717e-05    (82.27%)
c               = -0.00907988      +/- 0.01848      (203.5%)

correlation matrix of the fit parameters:
                a      b      c      
a               1.000 
b              -0.975  1.000 
c               0.814 -0.909  1.000 


*******************************************************************************
Mon May 23 20:01:24 2022


FIT:    data read from "Burbuja.dat" using 1:2
        format = x:z
        #datapoints = 10
        residuals are weighted equally (unit weight)

function used for fitting: Cuadrado(x)
	Cuadrado(x) = a*x*x + b*x + c
fitted parameters initialized with current variable values

iter      chisq       delta/lim  lambda   a             b             c            
   0 2.5393536717e+12   0.00e+00  2.91e+05    1.000000e+00   1.000000e+00   1.000000e+00
  10 7.9493162923e-04  -9.82e-10  2.91e-05    1.380843e-06   1.672476e-04  -1.664558e-02

After 10 iterations the fit converged.
final sum of squares of residuals : 0.000794932
rel. change during last iteration : -9.82003e-15

degrees of freedom    (FIT_NDF)                        : 7
rms of residuals      (FIT_STDFIT) = sqrt(WSSR/ndf)    : 0.0106565
variance of residuals (reduced chisquare) = WSSR/ndf   : 0.000113562

Final set of parameters            Asymptotic Standard Error
=======================            ==========================
a               = 1.38084e-06      +/- 4.638e-08    (3.359%)
b               = 0.000167248      +/- 5.235e-05    (31.3%)
c               = -0.0166456       +/- 0.01253      (75.3%)

correlation matrix of the fit parameters:
                a      b      c      
a               1.000 
b              -0.975  1.000 
c               0.814 -0.909  1.000 


*******************************************************************************
Mon May 23 20:01:31 2022


FIT:    data read from "Insercion.dat" using 1:2
        format = x:z
        #datapoints = 10
        residuals are weighted equally (unit weight)

function used for fitting: Cuadrado(x)
	Cuadrado(x) = a*x*x + b*x + c
fitted parameters initialized with current variable values

iter      chisq       delta/lim  lambda   a             b             c            
   0 2.5393588037e+12   0.00e+00  2.91e+05    1.000000e+00   1.000000e+00   1.000000e+00
  10 3.6372795792e-04  -1.43e-09  2.91e-05    5.331583e-07   7.165955e-06   1.214567e-03

After 10 iterations the fit converged.
final sum of squares of residuals : 0.000363728
rel. change during last iteration : -1.43079e-14

degrees of freedom    (FIT_NDF)                        : 7
rms of residuals      (FIT_STDFIT) = sqrt(WSSR/ndf)    : 0.00720841
variance of residuals (reduced chisquare) = WSSR/ndf   : 5.19611e-05

Final set of parameters            Asymptotic Standard Error
=======================            ==========================
a               = 5.33158e-07      +/- 3.137e-08    (5.884%)
b               = 7.16595e-06      +/- 3.541e-05    (494.1%)
c               = 0.00121457       +/- 0.008478     (698%)

correlation matrix of the fit parameters:
                a      b      c      
a               1.000 
b              -0.975  1.000 
c               0.814 -0.909  1.000 


*******************************************************************************
Mon May 23 20:01:39 2022


FIT:    data read from "Seleccion.dat" using 1:2
        format = x:z
        #datapoints = 10
        residuals are weighted equally (unit weight)

function used for fitting: Cuadrado(x)
	Cuadrado(x) = a*x*x + b*x + c
fitted parameters initialized with current variable values

iter      chisq       delta/lim  lambda   a             b             c            
   0 2.5393559588e+12   0.00e+00  2.91e+05    1.000000e+00   1.000000e+00   1.000000e+00
  10 5.8920189515e-04  -3.86e-10  2.91e-04    1.136593e-06  -4.106050e-05   1.107330e-02

After 10 iterations the fit converged.
final sum of squares of residuals : 0.000589202
rel. change during last iteration : -3.86425e-15

degrees of freedom    (FIT_NDF)                        : 7
rms of residuals      (FIT_STDFIT) = sqrt(WSSR/ndf)    : 0.00917451
variance of residuals (reduced chisquare) = WSSR/ndf   : 8.41717e-05

Final set of parameters            Asymptotic Standard Error
=======================            ==========================
a               = 1.13659e-06      +/- 3.993e-08    (3.513%)
b               = -4.10605e-05     +/- 4.507e-05    (109.8%)
c               = 0.0110733        +/- 0.01079      (97.45%)

correlation matrix of the fit parameters:
                a      b      c      
a               1.000 
b              -0.975  1.000 
c               0.814 -0.909  1.000 
